<?xml version="1.0" encoding="UTF-8"?>
<!-- Generated by org.testng.reporters.JUnitXMLReporter -->
<testsuite ignored="0" hostname="Vaibhav" failures="3" tests="10" name="Test" time="53.134" errors="0" timestamp="09 Mar 2024 15:24:27 GMT">
  <testcase classname="com.crm.qa.testcases.Addcustomer" name="addcustest" time="1.973"/>
  <testcase classname="com.crm.qa.testcases.invcustomertest" name="invadd" time="2.309">
    <failure type="java.lang.AssertionError" message="Error message is not displayed for invalid data expected [true] but found [false]">
      <![CDATA[java.lang.AssertionError: Error message is not displayed for invalid data expected [true] but found [false]
	at com.crm.qa.testcases.invcustomertest.invadd(invcustomertest.java:34)
... Removed 28 stack frames]]>
    </failure>
  </testcase> <!-- invadd -->
  <testcase classname="com.crm.qa.testcases.deletetest" name="testBankCustomer" time="2.221"/>
  <testcase classname="com.crm.qa.testcases.Deposittest" name="testCustomerActions" time="4.111"/>
  <testcase classname="com.crm.qa.testcases.invdeposittest" name="testCustomerActions" time="3.213">
    <failure type="java.lang.AssertionError" message="Alert message not as expected expected [true] but found [false]">
      <![CDATA[java.lang.AssertionError: Alert message not as expected expected [true] but found [false]
	at com.crm.qa.testcases.invdeposittest.testCustomerActions(invdeposittest.java:28)
... Removed 28 stack frames]]>
    </failure>
  </testcase> <!-- testCustomerActions -->
  <testcase classname="com.crm.qa.testcases.Invwithdrawtest" name="testCustomerActions" time="3.758">
    <failure type="java.lang.AssertionError" message="Alert message not as expected expected [true] but found [false]">
      <![CDATA[java.lang.AssertionError: Alert message not as expected expected [true] but found [false]
	at com.crm.qa.testcases.Invwithdrawtest.testCustomerActions(Invwithdrawtest.java:28)
... Removed 28 stack frames]]>
    </failure>
  </testcase> <!-- testCustomerActions -->
  <testcase classname="com.crm.qa.testcases.Openaccount" name="testOpenAccount" time="2.084"/>
  <testcase classname="com.crm.qa.testcases.Searchcustomer" name="testBankCustomer" time="1.911"/>
  <testcase classname="com.crm.qa.testcases.Transactiontest" name="testCustomerActions" time="2.725"/>
  <testcase classname="com.crm.qa.testcases.withdrawvalidtest" name="testCustomerActions" time="3.39"/>
</testsuite> <!-- Test -->
