<!DOCTYPE html PUBLIC "-//W3C//DTD XHTML 1.1//EN" "http://www.w3.org/TR/xhtml11/DTD/xhtml11.dtd">
<html xmlns="http://www.w3.org/1999/xhtml"><head><title>TestNG Report</title><style type="text/css">table {margin-bottom:10px;border-collapse:collapse;empty-cells:show}th,td {border:1px solid #009;padding:.25em .5em}th {vertical-align:bottom}td {vertical-align:top}table a {font-weight:bold}.stripe td {background-color: #E6EBF9}.num {text-align:right}.passedodd td {background-color: #3F3}.passedeven td {background-color: #0A0}.skippedodd td {background-color: #DDD}.skippedeven td {background-color: #CCC}.failedodd td,.attn {background-color: #F33}.failedeven td,.stripe .attn {background-color: #D00}.stacktrace {white-space:pre;font-family:monospace}.totop {font-size:85%;text-align:center;border-bottom:2px solid #000}</style></head><body><table><tr><th>Test</th><th># Passed</th><th># Skipped</th><th># Failed</th><th>Time (ms)</th><th>Included Groups</th><th>Excluded Groups</th></tr><tr><th colspan="7">Suite</th></tr><tr><td><a href="#t0">Test</a></td><td class="num">7</td><td class="num">0</td><td class="num attn">3</td><td class="num">53,134</td><td></td><td></td></tr></table><table id='summary'><thead><tr><th>Class</th><th>Method</th><th>Start</th><th>Time (ms)</th></tr></thead><tbody><tr><th colspan="4">Suite</th></tr></tbody><tbody id="t0"><tr><th colspan="4">Test &#8212; failed</th></tr><tr class="failedeven"><td rowspan="1">com.crm.qa.testcases.Invwithdrawtest</td><td><a href="#m0">testCustomerActions</a></td><td rowspan="1">1709997843847</td><td rowspan="1">3758</td></tr><tr class="failedodd"><td rowspan="1">com.crm.qa.testcases.invcustomertest</td><td><a href="#m1">invadd</a></td><td rowspan="1">1709997821787</td><td rowspan="1">2309</td></tr><tr class="failedeven"><td rowspan="1">com.crm.qa.testcases.invdeposittest</td><td><a href="#m2">testCustomerActions</a></td><td rowspan="1">1709997838206</td><td rowspan="1">3213</td></tr><tr><th colspan="4">Test &#8212; passed</th></tr><tr class="passedeven"><td rowspan="1">com.crm.qa.testcases.Addcustomer</td><td><a href="#m3">addcustest</a></td><td rowspan="1">1709997817297</td><td rowspan="1">1973</td></tr><tr class="passedodd"><td rowspan="1">com.crm.qa.testcases.Deposittest</td><td><a href="#m4">testCustomerActions</a></td><td rowspan="1">1709997831911</td><td rowspan="1">4111</td></tr><tr class="passedeven"><td rowspan="1">com.crm.qa.testcases.Openaccount</td><td><a href="#m5">testOpenAccount</a></td><td rowspan="1">1709997849979</td><td rowspan="1">2084</td></tr><tr class="passedodd"><td rowspan="1">com.crm.qa.testcases.Searchcustomer</td><td><a href="#m6">testBankCustomer</a></td><td rowspan="1">1709997854911</td><td rowspan="1">1911</td></tr><tr class="passedeven"><td rowspan="1">com.crm.qa.testcases.Transactiontest</td><td><a href="#m7">testCustomerActions</a></td><td rowspan="1">1709997859135</td><td rowspan="1">2725</td></tr><tr class="passedodd"><td rowspan="1">com.crm.qa.testcases.deletetest</td><td><a href="#m8">testBankCustomer</a></td><td rowspan="1">1709997827286</td><td rowspan="1">2221</td></tr><tr class="passedeven"><td rowspan="1">com.crm.qa.testcases.withdrawvalidtest</td><td><a href="#m9">testCustomerActions</a></td><td rowspan="1">1709997864409</td><td rowspan="1">3390</td></tr></tbody></table><h2>Test</h2><h3 id="m0">com.crm.qa.testcases.Invwithdrawtest#testCustomerActions</h3><table class="result"><tr><th>Exception</th></tr><tr><td><div class="stacktrace">java.lang.AssertionError: Alert message not as expected expected [true] but found [false]
	at com.crm.qa.testcases.Invwithdrawtest.testCustomerActions(Invwithdrawtest.java:28)
... Removed 28 stack frames</div></td></tr></table><p class="totop"><a href="#summary">back to summary</a></p><h3 id="m1">com.crm.qa.testcases.invcustomertest#invadd</h3><table class="result"><tr><th>Exception</th></tr><tr><td><div class="stacktrace">java.lang.AssertionError: Error message is not displayed for invalid data expected [true] but found [false]
	at com.crm.qa.testcases.invcustomertest.invadd(invcustomertest.java:34)
... Removed 28 stack frames</div></td></tr></table><p class="totop"><a href="#summary">back to summary</a></p><h3 id="m2">com.crm.qa.testcases.invdeposittest#testCustomerActions</h3><table class="result"><tr><th>Exception</th></tr><tr><td><div class="stacktrace">java.lang.AssertionError: Alert message not as expected expected [true] but found [false]
	at com.crm.qa.testcases.invdeposittest.testCustomerActions(invdeposittest.java:28)
... Removed 28 stack frames</div></td></tr></table><p class="totop"><a href="#summary">back to summary</a></p><h3 id="m3">com.crm.qa.testcases.Addcustomer#addcustest</h3><table class="result"></table><p class="totop"><a href="#summary">back to summary</a></p><h3 id="m4">com.crm.qa.testcases.Deposittest#testCustomerActions</h3><table class="result"></table><p class="totop"><a href="#summary">back to summary</a></p><h3 id="m5">com.crm.qa.testcases.Openaccount#testOpenAccount</h3><table class="result"></table><p class="totop"><a href="#summary">back to summary</a></p><h3 id="m6">com.crm.qa.testcases.Searchcustomer#testBankCustomer</h3><table class="result"></table><p class="totop"><a href="#summary">back to summary</a></p><h3 id="m7">com.crm.qa.testcases.Transactiontest#testCustomerActions</h3><table class="result"></table><p class="totop"><a href="#summary">back to summary</a></p><h3 id="m8">com.crm.qa.testcases.deletetest#testBankCustomer</h3><table class="result"></table><p class="totop"><a href="#summary">back to summary</a></p><h3 id="m9">com.crm.qa.testcases.withdrawvalidtest#testCustomerActions</h3><table class="result"></table><p class="totop"><a href="#summary">back to summary</a></p></body></html>